[2017-05-18 15:25:14 *2844.0]	ERROR	zm_deactivate_swoole (ERROR 503): Fatal error: Uncaught Exception: Error Processing Request in /vagrant_data/yafApi/application/controllers/ApiBase.php:26
Stack trace:
#0 /vagrant_data/yafApi/application/controllers/Index.php(17): ApiBaseController->jsonReturn(0, 'wow', Array)
#1 [internal function]: IndexController->indexAction()
#2 /vagrant_data/yafApi/public/http_server.php(65): Yaf_Dispatcher->dispatch(Object(Yaf_Request_Http))
#3 [internal function]: HttpServer->{closure}(Object(swoole_http_request), 
[2017-05-18 15:25:14 $2838.0]	WARNING	swManager_check_exit_status: worker#0 abnormal exit, status=255, signal=0
[2017-05-18 15:28:07 *2881.0]	ERROR	zm_deactivate_swoole (ERROR 503): Fatal error: Uncaught Error: Call to a member function getBody() on boolean in /vagrant_data/yafApi/public/http_server.php:66
Stack trace:
#0 [internal function]: HttpServer->{closure}(Object(swoole_http_request), Object(swoole_http_response))
#1 /vagrant_data/yafApi/public/http_server.php(80): swoole_http_server->start()
#2 /vagrant_data/yafApi/public/http_server.php(133): HttpServer->__construct()
#3 /vagrant_data/yafApi/public/http_server.php(139): HttpServer::getInstan
[2017-05-18 15:28:07 $2875.0]	WARNING	swManager_check_exit_status: worker#0 abnormal exit, status=255, signal=0
[2017-05-18 15:31:40 *2918.0]	ERROR	zm_deactivate_swoole (ERROR 503): Fatal error: Uncaught Error: Call to a member function getBody() on boolean in /vagrant_data/yafApi/public/http_server.php:66
Stack trace:
#0 [internal function]: HttpServer->{closure}(Object(swoole_http_request), Object(swoole_http_response))
#1 /vagrant_data/yafApi/public/http_server.php(81): swoole_http_server->start()
#2 /vagrant_data/yafApi/public/http_server.php(134): HttpServer->__construct()
#3 /vagrant_data/yafApi/public/http_server.php(140): HttpServer::getInstan
[2017-05-18 15:31:40 $2912.0]	WARNING	swManager_check_exit_status: worker#0 abnormal exit, status=255, signal=0
[2017-05-18 15:41:56 *2992.0]	ERROR	zm_deactivate_swoole (ERROR 503): Fatal error: Uncaught Exception: Error Processing Request in /vagrant_data/yafApi/application/controllers/ApiBase.php:27
Stack trace:
#0 /vagrant_data/yafApi/application/controllers/Index.php(17): ApiBaseController->jsonReturn(0, 'wow', Array)
#1 [internal function]: IndexController->indexAction()
#2 /vagrant_data/yafApi/public/http_server.php(65): Yaf_Dispatcher->dispatch(Object(Yaf_Request_Http))
#3 [internal function]: HttpServer->{closure}(Object(swoole_http_request), 
[2017-05-18 15:41:56 $2986.0]	WARNING	swManager_check_exit_status: worker#0 abnormal exit, status=255, signal=0
[2017-05-18 15:47:24 *3013.0]	ERROR	zm_deactivate_swoole (ERROR 503): Fatal error: Uncaught Exception: aaaa in /vagrant_data/yafApi/application/controllers/ApiBase.php:28
Stack trace:
#0 /vagrant_data/yafApi/application/controllers/Index.php(17): ApiBaseController->jsonReturn(0, 'wow', Array)
#1 [internal function]: IndexController->indexAction()
#2 /vagrant_data/yafApi/public/http_server.php(65): Yaf_Dispatcher->dispatch(Object(Yaf_Request_Http))
#3 [internal function]: HttpServer->{closure}(Object(swoole_http_request), Object(swoole_http_r
[2017-05-18 15:47:24 $3007.0]	WARNING	swManager_check_exit_status: worker#0 abnormal exit, status=255, signal=0
[2017-05-18 15:49:38 *3033.0]	ERROR	zm_deactivate_swoole (ERROR 503): Fatal error: Uncaught Exception: aaaa in /vagrant_data/yafApi/application/controllers/ApiBase.php:28
Stack trace:
#0 /vagrant_data/yafApi/application/controllers/Index.php(17): ApiBaseController->jsonReturn(0, 'wow', Array)
#1 [internal function]: IndexController->indexAction()
#2 /vagrant_data/yafApi/public/http_server.php(65): Yaf_Dispatcher->dispatch(Object(Yaf_Request_Http))
#3 [internal function]: HttpServer->{closure}(Object(swoole_http_request), Object(swoole_http_r
[2017-05-18 15:49:38 $3027.0]	WARNING	swManager_check_exit_status: worker#0 abnormal exit, status=255, signal=0
[2017-05-18 15:59:35 *3107.0]	ERROR	zm_deactivate_swoole (ERROR 503): Fatal error: Uncaught Error: Call to a member function getBody() on boolean in /vagrant_data/yafApi/public/http_server.php:66
Stack trace:
#0 [internal function]: HttpServer->{closure}(Object(swoole_http_request), Object(swoole_http_response))
#1 /vagrant_data/yafApi/public/http_server.php(84): swoole_http_server->start()
#2 /vagrant_data/yafApi/public/http_server.php(137): HttpServer->__construct()
#3 /vagrant_data/yafApi/public/http_server.php(143): HttpServer::getInstan
[2017-05-18 15:59:35 $3101.0]	WARNING	swManager_check_exit_status: worker#0 abnormal exit, status=255, signal=0
[2017-05-18 16:17:42 *3159.0]	ERROR	zm_deactivate_swoole (ERROR 503): Fatal error: Uncaught Error: Call to a member function getBody() on null in /vagrant_data/yafApi/public/http_server.php:77
Stack trace:
#0 [internal function]: HttpServer->{closure}(Object(swoole_http_request), Object(swoole_http_response))
#1 /vagrant_data/yafApi/public/http_server.php(84): swoole_http_server->start()
#2 /vagrant_data/yafApi/public/http_server.php(137): HttpServer->__construct()
#3 /vagrant_data/yafApi/public/http_server.php(143): HttpServer::getInstance(
[2017-05-18 16:17:42 $3153.0]	WARNING	swManager_check_exit_status: worker#0 abnormal exit, status=255, signal=0
[2017-05-18 16:18:19 *3178.0]	ERROR	zm_deactivate_swoole (ERROR 503): Fatal error: Uncaught Error: Call to a member function getBody() on null in /vagrant_data/yafApi/public/http_server.php:81
Stack trace:
#0 [internal function]: HttpServer->{closure}(Object(swoole_http_request), Object(swoole_http_response))
#1 /vagrant_data/yafApi/public/http_server.php(88): swoole_http_server->start()
#2 /vagrant_data/yafApi/public/http_server.php(141): HttpServer->__construct()
#3 /vagrant_data/yafApi/public/http_server.php(147): HttpServer::getInstance(
[2017-05-18 16:18:19 $3172.0]	WARNING	swManager_check_exit_status: worker#0 abnormal exit, status=255, signal=0
[2017-05-18 16:18:22 *3180.2]	ERROR	zm_deactivate_swoole (ERROR 503): Fatal error: Uncaught Error: Call to a member function getBody() on null in /vagrant_data/yafApi/public/http_server.php:81
Stack trace:
#0 [internal function]: HttpServer->{closure}(Object(swoole_http_request), Object(swoole_http_response))
#1 /vagrant_data/yafApi/public/http_server.php(88): swoole_http_server->start()
#2 /vagrant_data/yafApi/public/http_server.php(141): HttpServer->__construct()
#3 /vagrant_data/yafApi/public/http_server.php(147): HttpServer::getInstance(
[2017-05-18 16:18:22 $3172.0]	WARNING	swManager_check_exit_status: worker#2 abnormal exit, status=255, signal=0
[2017-05-18 16:18:23 *3182.0]	ERROR	zm_deactivate_swoole (ERROR 503): Fatal error: Uncaught Error: Call to a member function getBody() on null in /vagrant_data/yafApi/public/http_server.php:81
Stack trace:
#0 [internal function]: HttpServer->{closure}(Object(swoole_http_request), Object(swoole_http_response))
#1 /vagrant_data/yafApi/public/http_server.php(88): swoole_http_server->start()
#2 /vagrant_data/yafApi/public/http_server.php(141): HttpServer->__construct()
#3 /vagrant_data/yafApi/public/http_server.php(147): HttpServer::getInstance(
[2017-05-18 16:18:23 $3172.0]	WARNING	swManager_check_exit_status: worker#0 abnormal exit, status=255, signal=0
[2017-05-18 16:19:28 *3217.0]	ERROR	zm_deactivate_swoole (ERROR 503): Fatal error: Uncaught Error: Call to a member function getBody() on null in /vagrant_data/yafApi/public/http_server.php:75
Stack trace:
#0 [internal function]: HttpServer->{closure}(Object(swoole_http_request), Object(swoole_http_response))
#1 /vagrant_data/yafApi/public/http_server.php(88): swoole_http_server->start()
#2 /vagrant_data/yafApi/public/http_server.php(141): HttpServer->__construct()
#3 /vagrant_data/yafApi/public/http_server.php(147): HttpServer::getInstance(
[2017-05-18 16:19:28 $3211.0]	WARNING	swManager_check_exit_status: worker#0 abnormal exit, status=255, signal=0
[2017-05-18 17:05:58 *3221.0]	WARNING	swSignalfd_onSignal: signal[1] callback is null.
[2017-05-18 17:05:58 *3220.3]	WARNING	swSignalfd_onSignal: signal[1] callback is null.
[2017-05-18 17:05:58 *3219.2]	WARNING	swSignalfd_onSignal: signal[1] callback is null.
[2017-05-18 17:05:58 *3218.1]	WARNING	swSignalfd_onSignal: signal[1] callback is null.
[2017-05-18 17:05:58 $3211.0]	WARNING	swSignal_callback: signal[1] callback is null.
[2017-05-18 17:05:58 #3210.0]	WARNING	swSignalfd_onSignal: signal[1] callback is null.
[2017-05-18 17:05:58 *3221.0]	WARNING	swSignalfd_onSignal: signal[1] callback is null.
[2017-05-18 17:05:58 *3220.3]	WARNING	swSignalfd_onSignal: signal[1] callback is null.
[2017-05-18 17:05:58 *3219.2]	WARNING	swSignalfd_onSignal: signal[1] callback is null.
[2017-05-18 17:05:58 *3218.1]	WARNING	swSignalfd_onSignal: signal[1] callback is null.
[2017-05-18 17:05:58 $3211.0]	WARNING	swSignal_callback: signal[1] callback is null.
[2017-05-18 17:05:58 #3210.0]	WARNING	swSignalfd_onSignal: signal[1] callback is null.
[2017-05-18 17:06:02 #3210.0]	NOTICE	Server is shutdown now.
[2017-05-19 03:01:38 *2946.0]	ERROR	zm_deactivate_swoole (ERROR 503): Fatal error: Uncaught Error: Call to a member function getBody() on boolean in /vagrant_data/yafApi/public/http_server.php:74
Stack trace:
#0 [internal function]: HttpServer->{closure}(Object(swoole_http_request), Object(swoole_http_response))
#1 /vagrant_data/yafApi/public/http_server.php(81): swoole_http_server->start()
#2 /vagrant_data/yafApi/public/http_server.php(134): HttpServer->__construct()
#3 /vagrant_data/yafApi/public/http_server.php(140): HttpServer::getInstan
[2017-05-19 03:01:38 $2940.0]	WARNING	swManager_check_exit_status: worker#0 abnormal exit, status=255, signal=0
[2017-05-19 03:03:06 *2965.0]	ERROR	zm_deactivate_swoole (ERROR 503): Fatal error: Uncaught Error: Call to a member function getBody() on boolean in /vagrant_data/yafApi/public/http_server.php:74
Stack trace:
#0 [internal function]: HttpServer->{closure}(Object(swoole_http_request), Object(swoole_http_response))
#1 /vagrant_data/yafApi/public/http_server.php(81): swoole_http_server->start()
#2 /vagrant_data/yafApi/public/http_server.php(134): HttpServer->__construct()
#3 /vagrant_data/yafApi/public/http_server.php(140): HttpServer::getInstan
[2017-05-19 03:03:06 $2959.0]	WARNING	swManager_check_exit_status: worker#0 abnormal exit, status=255, signal=0
